2026-04-10 19:35:51.059  INFO --- [     MainThread] yolo-service              [       create_app.py:34  ] : Logging system initialized
2026-04-10 19:35:51.060  INFO --- [     MainThread] yolo-service              [       create_app.py:37  ] : Creating FastAPI application (env=DEBUG)
2026-04-10 19:35:51.061  INFO --- [     MainThread] yolo-service              [       create_app.py:50  ] : Middlewares registered
2026-04-10 19:35:51.260  INFO --- [     MainThread] yolo-service              [       create_app.py:54  ] : Routes registered
2026-04-10 19:35:51.261  INFO --- [     MainThread] yolo-service              [       create_app.py:57  ] : Application created successfully (name=UAV Detection Service [DEV], version=1.0.0)
2026-04-10 19:35:51.261  INFO --- [     MainThread] uvicorn.error             [           server.py:92  ] : Started server process [30180]
2026-04-10 19:35:51.261  INFO --- [     MainThread] uvicorn.error             [               on.py:48  ] : Waiting for application startup.
2026-04-10 19:35:51.318  INFO --- [     MainThread] yolo-service              [         detector.py:15  ] : YOLO 模型已成功加载: C:\Project\uav-system\yolo-service\weights\yolo26n.pt
2026-04-10 19:35:51.318  INFO --- [     MainThread] uvicorn.error             [               on.py:62  ] : Application startup complete.
2026-04-10 19:40:15.543  INFO --- [AnyIO worker thread] yolo-service              [     minio_client.py:41  ] : MinIO bucket uav-system already exists.
2026-04-10 19:40:15.543  INFO --- [AnyIO worker thread] yolo-service              [     minio_client.py:25  ] : MinIO client initialized successfully. Connected to 192.168.14.129:9000
2026-04-10 19:40:15.559  INFO --- [     MainThread] uvicorn.access            [         h11_impl.py:480 ] : 127.0.0.1:52529 - "POST /api/v1/image/predict HTTP/1.1" 200
2026-04-10 19:41:58.952  INFO --- [     MainThread] uvicorn.access            [         h11_impl.py:480 ] : 127.0.0.1:62889 - "POST /api/v1/video/predict HTTP/1.1" 200
2026-04-10 19:51:29.179  INFO --- [     MainThread] uvicorn.error             [           server.py:272 ] : Shutting down
2026-04-10 19:51:29.289  INFO --- [     MainThread] uvicorn.error             [               on.py:67  ] : Waiting for application shutdown.
2026-04-10 19:51:29.289  INFO --- [     MainThread] yolo-service              [         lifespan.py:19  ] : Service is closing...
2026-04-10 19:51:29.290  INFO --- [     MainThread] uvicorn.error             [               on.py:76  ] : Application shutdown complete.
2026-04-10 19:51:29.290  INFO --- [     MainThread] uvicorn.error             [           server.py:102 ] : Finished server process [30180]
2026-04-10 19:51:32.670  INFO --- [     MainThread] yolo-service              [       create_app.py:34  ] : Logging system initialized
2026-04-10 19:51:32.671  INFO --- [     MainThread] yolo-service              [       create_app.py:37  ] : Creating FastAPI application (env=DEBUG)
2026-04-10 19:51:32.671  INFO --- [     MainThread] yolo-service              [       create_app.py:50  ] : Middlewares registered
2026-04-10 19:51:32.697  INFO --- [     MainThread] yolo-service              [       create_app.py:54  ] : Routes registered
2026-04-10 19:51:32.697  INFO --- [     MainThread] yolo-service              [       create_app.py:57  ] : Application created successfully (name=UAV Detection Service [DEV], version=1.0.0)
2026-04-10 19:51:32.697  INFO --- [     MainThread] uvicorn.error             [           server.py:92  ] : Started server process [24020]
2026-04-10 19:51:32.698  INFO --- [     MainThread] uvicorn.error             [               on.py:48  ] : Waiting for application startup.
2026-04-10 19:51:32.742  INFO --- [     MainThread] yolo-service              [         detector.py:15  ] : YOLO 模型已成功加载: C:\Project\uav-system\yolo-service\weights\yolo26n.pt
2026-04-10 19:51:32.742  INFO --- [     MainThread] uvicorn.error             [               on.py:62  ] : Application startup complete.
2026-04-10 19:52:15.865  INFO --- [     MainThread] uvicorn.error             [           server.py:272 ] : Shutting down
2026-04-10 19:52:15.973  INFO --- [     MainThread] uvicorn.error             [               on.py:67  ] : Waiting for application shutdown.
2026-04-10 19:52:15.974  INFO --- [     MainThread] yolo-service              [         lifespan.py:19  ] : Service is closing...
2026-04-10 19:52:15.974  INFO --- [     MainThread] uvicorn.error             [               on.py:76  ] : Application shutdown complete.
2026-04-10 19:52:15.974  INFO --- [     MainThread] uvicorn.error             [           server.py:102 ] : Finished server process [24020]
2026-04-10 19:52:19.407  INFO --- [     MainThread] yolo-service              [       create_app.py:34  ] : Logging system initialized
2026-04-10 19:52:19.407  INFO --- [     MainThread] yolo-service              [       create_app.py:37  ] : Creating FastAPI application (env=DEBUG)
2026-04-10 19:52:19.408  INFO --- [     MainThread] yolo-service              [       create_app.py:50  ] : Middlewares registered
2026-04-10 19:52:19.444  INFO --- [     MainThread] yolo-service              [       create_app.py:54  ] : Routes registered
2026-04-10 19:52:19.444  INFO --- [     MainThread] yolo-service              [       create_app.py:57  ] : Application created successfully (name=UAV Detection Service [DEV], version=1.0.0)
2026-04-10 19:52:19.444  INFO --- [     MainThread] uvicorn.error             [           server.py:92  ] : Started server process [29336]
2026-04-10 19:52:19.445  INFO --- [     MainThread] uvicorn.error             [               on.py:48  ] : Waiting for application startup.
2026-04-10 19:52:19.496  INFO --- [     MainThread] yolo-service              [         detector.py:15  ] : YOLO 模型已成功加载: C:\Project\uav-system\yolo-service\weights\yolo26n.pt
2026-04-10 19:52:19.496  INFO --- [     MainThread] uvicorn.error             [               on.py:62  ] : Application startup complete.
